

***********************************************************************
Fatal NI connect error 12170.

  VERSION INFORMATION:
	TNS for 32-bit Windows: Version 10.1.0.4.0 - Production
	Windows NT TCP/IP NT Protocol Adapter for 32-bit Windows: Version 10.1.0.4.0 - Production
  Time: 29-OCT-2023 09:47:40
  Tracing not turned on.
  Tns error struct:
    ns main err code: 12535
    TNS-12535: TNS:operation timed out
    ns secondary err code: 12560
    nt main err code: 505
    TNS-00505: Operation timed out
    nt secondary err code: 60
    nt OS err code: 0
  Client address: <unknown>


***********************************************************************
Fatal NI connect error 12637, connecting to:
 (DESCRIPTION=(CONNECT_DATA=(SERVICE_NAME=orcl)(CID=(PROGRAM=E:\NG Official\NG Payroll\CLUSTER_4\NG_TFL\Payroll\bin\Debug\Payroll.vshost.exe)(HOST=DESKTOP-V9HCF00)(USER=Pavel)))(ADDRESS=(PROTOCOL=TCP)(HOST=103.4.116.121)(PORT=1522)))

  VERSION INFORMATION:
	TNS for 32-bit Windows: Version 10.1.0.4.0 - Production
	Windows NT TCP/IP NT Protocol Adapter for 32-bit Windows: Version 10.1.0.4.0 - Production
  Time: 29-OCT-2023 09:56:31
  Tracing not turned on.
  Tns error struct:
    ns main err code: 12637
    TNS-12637: Packet receive failed
    ns secondary err code: 12537
    nt main err code: 0
    nt secondary err code: 0
    nt OS err code: 0


***********************************************************************
Fatal NI connect error 12170.

  VERSION INFORMATION:
	TNS for 32-bit Windows: Version 10.1.0.4.0 - Production
	Windows NT TCP/IP NT Protocol Adapter for 32-bit Windows: Version 10.1.0.4.0 - Production
  Time: 29-OCT-2023 10:00:39
  Tracing not turned on.
  Tns error struct:
    ns main err code: 12535
    TNS-12535: TNS:operation timed out
    ns secondary err code: 12560
    nt main err code: 505
    TNS-00505: Operation timed out
    nt secondary err code: 60
    nt OS err code: 0
  Client address: (ADDRESS=(PROTOCOL=tcp)(HOST=103.4.116.121)(PORT=1522))


***********************************************************************
Fatal NI connect error 12170.

  VERSION INFORMATION:
	TNS for 32-bit Windows: Version 10.1.0.4.0 - Production
	Windows NT TCP/IP NT Protocol Adapter for 32-bit Windows: Version 10.1.0.4.0 - Production
  Time: 29-OCT-2023 10:05:25
  Tracing not turned on.
  Tns error struct:
    ns main err code: 12535
    TNS-12535: TNS:operation timed out
    ns secondary err code: 12560
    nt main err code: 505
    TNS-00505: Operation timed out
    nt secondary err code: 60
    nt OS err code: 0
  Client address: (ADDRESS=(PROTOCOL=tcp)(HOST=103.4.116.121)(PORT=1522))


***********************************************************************
Fatal NI connect error 12516, connecting to:
 (DESCRIPTION=(CONNECT_DATA=(SERVICE_NAME=orcl)(CID=(PROGRAM=E:\NG Official\NG Payroll\CLUSTER_4\NG_TFL\Payroll\bin\Debug\Payroll.vshost.exe)(HOST=DESKTOP-V9HCF00)(USER=Pavel)))(ADDRESS=(PROTOCOL=TCP)(HOST=103.4.116.121)(PORT=1522)))

  VERSION INFORMATION:
	TNS for 32-bit Windows: Version 10.1.0.4.0 - Production
	Windows NT TCP/IP NT Protocol Adapter for 32-bit Windows: Version 10.1.0.4.0 - Production
  Time: 29-OCT-2023 10:08:07
  Tracing not turned on.
  Tns error struct:
    ns main err code: 12564
    TNS-12564: TNS:connection refused
    ns secondary err code: 0
    nt main err code: 0
    nt secondary err code: 0
    nt OS err code: 0


***********************************************************************
Fatal NI connect error 12170.

  VERSION INFORMATION:
	TNS for 32-bit Windows: Version 10.1.0.4.0 - Production
	Windows NT TCP/IP NT Protocol Adapter for 32-bit Windows: Version 10.1.0.4.0 - Production
  Time: 29-OCT-2023 10:09:00
  Tracing not turned on.
  Tns error struct:
    ns main err code: 12535
    TNS-12535: TNS:operation timed out
    ns secondary err code: 12560
    nt main err code: 505
    TNS-00505: Operation timed out
    nt secondary err code: 60
    nt OS err code: 0
  Client address: <unknown>


***********************************************************************
Fatal NI connect error 12516, connecting to:
 (DESCRIPTION=(CONNECT_DATA=(SERVICE_NAME=orcl)(CID=(PROGRAM=E:\NG Official\NG Payroll\CLUSTER_4\NG_TFL\Payroll\bin\Debug\Payroll.vshost.exe)(HOST=DESKTOP-V9HCF00)(USER=Pavel)))(ADDRESS=(PROTOCOL=TCP)(HOST=103.4.116.121)(PORT=1522)))

  VERSION INFORMATION:
	TNS for 32-bit Windows: Version 10.1.0.4.0 - Production
	Windows NT TCP/IP NT Protocol Adapter for 32-bit Windows: Version 10.1.0.4.0 - Production
  Time: 29-OCT-2023 10:10:27
  Tracing not turned on.
  Tns error struct:
    ns main err code: 12564
    TNS-12564: TNS:connection refused
    ns secondary err code: 0
    nt main err code: 0
    nt secondary err code: 0
    nt OS err code: 0


***********************************************************************
Fatal NI connect error 12170.

  VERSION INFORMATION:
	TNS for 32-bit Windows: Version 10.1.0.4.0 - Production
	Windows NT TCP/IP NT Protocol Adapter for 32-bit Windows: Version 10.1.0.4.0 - Production
  Time: 29-OCT-2023 11:18:37
  Tracing not turned on.
  Tns error struct:
    ns main err code: 12535
    TNS-12535: TNS:operation timed out
    ns secondary err code: 12560
    nt main err code: 505
    TNS-00505: Operation timed out
    nt secondary err code: 60
    nt OS err code: 0
  Client address: (ADDRESS=(PROTOCOL=tcp)(HOST=103.4.116.121)(PORT=1522))


***********************************************************************
Fatal NI connect error 12631, connecting to:
 (DESCRIPTION=(CONNECT_DATA=(SERVICE_NAME=orcl)(CID=(PROGRAM=E:\NG Official\NG Payroll\CLUSTER_4\NG_TFL\Payroll\bin\Debug\Payroll.vshost.exe)(HOST=DESKTOP-V9HCF00)(USER=Pavel)))(ADDRESS=(PROTOCOL=TCP)(HOST=103.4.116.121)(PORT=1522)))

  VERSION INFORMATION:
	TNS for 32-bit Windows: Version 10.1.0.4.0 - Production
	Windows NT TCP/IP NT Protocol Adapter for 32-bit Windows: Version 10.1.0.4.0 - Production
  Time: 01-FEB-2024 11:11:52
  Tracing not turned on.
  Tns error struct:
    ns main err code: 12631
    TNS-12631: Username retrieval failed
    ns secondary err code: 0
    nt main err code: 0
    nt secondary err code: 0
    nt OS err code: 0


***********************************************************************
Fatal NI connect error 12516, connecting to:
 (DESCRIPTION=(CONNECT_DATA=(SERVICE_NAME=orcl)(CID=(PROGRAM=E:\NG Official\NG Payroll\CLUSTER_4\NG_TFL\Payroll\bin\Debug\Payroll.vshost.exe)(HOST=DESKTOP-V9HCF00)(USER=Pavel)))(ADDRESS=(PROTOCOL=TCP)(HOST=103.4.116.121)(PORT=1522)))

  VERSION INFORMATION:
	TNS for 32-bit Windows: Version 10.1.0.4.0 - Production
	Windows NT TCP/IP NT Protocol Adapter for 32-bit Windows: Version 10.1.0.4.0 - Production
  Time: 12-MAR-2024 11:23:19
  Tracing not turned on.
  Tns error struct:
    ns main err code: 12564
    TNS-12564: TNS:connection refused
    ns secondary err code: 0
    nt main err code: 0
    nt secondary err code: 0
    nt OS err code: 0


***********************************************************************
Fatal NI connect error 12516, connecting to:
 (DESCRIPTION=(CONNECT_DATA=(SERVICE_NAME=orcl)(CID=(PROGRAM=E:\NG Official\NG Payroll\CLUSTER_4\NG_TFL\Payroll\bin\Debug\Payroll.vshost.exe)(HOST=DESKTOP-V9HCF00)(USER=Pavel)))(ADDRESS=(PROTOCOL=TCP)(HOST=103.4.116.121)(PORT=1522)))

  VERSION INFORMATION:
	TNS for 32-bit Windows: Version 10.1.0.4.0 - Production
	Windows NT TCP/IP NT Protocol Adapter for 32-bit Windows: Version 10.1.0.4.0 - Production
  Time: 12-MAR-2024 11:24:09
  Tracing not turned on.
  Tns error struct:
    ns main err code: 12564
    TNS-12564: TNS:connection refused
    ns secondary err code: 0
    nt main err code: 0
    nt secondary err code: 0
    nt OS err code: 0
